Apache attacks! Dumpstar takes 20 damage.
Apache attacks! Obama takes 18 damage.
Obama attacks! Apache takes 20 damage.
Apache attacks! Obama takes 19 damage.
Obama attacks! Apache takes 20 damage.
Apache attacks! Obama takes 16 damage.
Obama attacks! Apache takes 15 damage.
Apache attacks! Obama takes 18 damage.
Obama attacks! Apache takes 16 damage.
Apache attacks! Obama takes 16 damage.
Obama attacks! Apache takes 15 damage.
Apache attacks! Obama takes 17 damage.
Apache wins!
Apache attacks! Obama takes 15 damage.
Obama fled the battle.
Snoo attacks! YXJI takes 19 damage.
YXJI casts Potter Bolt! Snoo takes 34 damage.
Snoo attacks! YXJI takes 18 damage.
YXJI attacks! Snoo takes 15 damage.
Snoo attacks! YXJI takes 16 damage.
YXJI attacks! Snoo takes 20 damage.
Snoo attacks! YXJI takes 16 damage.
YXJI attacks! Snoo takes 16 damage.
Snoo attacks! YXJI takes 15 damage.
YXJI uses Sproto Juice! Recovers 25 HP.
Snoo attacks! YXJI takes 15 damage.
YXJI casts Potter Bolt! Snoo takes 39 damage.
YXJI wins!
Snoo attacks! BigSwole takes 15 damage.
BigSwole attacks! Snoo takes 19 damage.
Snoo attacks! BigSwole takes 19 damage.
BigSwole attacks! Snoo takes 16 damage.
Snoo attacks! BigSwole takes 20 damage.
BigSwole attacks! Snoo takes 20 damage.
Snoo attacks! BigSwole takes 18 damage.
BigSwole attacks! Snoo takes 18 damage.
Snoo attacks! BigSwole takes 20 damage.
BigSwole attacks! Snoo takes 17 damage.
Snoo attacks! BigSwole takes 16 damage.
Snoo wins!
Snoo attacks! Apache takes 17 damage.
Apache attacks! Snoo takes 19 damage.
Snoo attacks! Apache takes 18 damage.
Apache attacks! Snoo takes 20 damage.
Snoo attacks! Leviosa takes 17 damage.
Leviosa attacks! Snoo takes 17 damage.
Snoo attacks! Leviosa takes 19 damage.
Leviosa attacks! Snoo takes 16 damage.
Snoo attacks! Leviosa takes 17 damage.
Leviosa attacks! Snoo takes 16 damage.
Snoo attacks! Leviosa takes 17 damage.
Leviosa attacks! Snoo takes 19 damage.
Snoo attacks! Leviosa takes 20 damage.
Leviosa attacks! Snoo takes 15 damage.
Snoo attacks! Leviosa takes 15 damage.
Snoo wins!
Snoo attacks! Apache takes 17 damage.
Apache attacks! Snoo takes 19 damage.
Snoo attacks! Apache takes 18 damage.
Apache attacks! Snoo takes 20 damage.
Snoo attacks! Apache takes 15 damage.
Apache attacks! Snoo takes 17 damage.
Snoo attacks! Apache takes 18 damage.
Apache attacks! Snoo takes 17 damage.
Snoo casts Potter Bolt! Apache takes 33 damage.
Snoo wins!
Dumpstar attacks! Apache takes 20 damage.
Apache attacks! Dumpstar takes 20 damage.
Dumpstar attacks! Apache takes 20 damage.
Apache attacks! Dumpstar takes 16 damage.
Dumpstar uses Sproto Juice! Recovers 25 HP.
Apache attacks! Dumpstar takes 20 damage.
Dumpstar casts Potter Bolt! Apache takes 35 damage.
Apache attacks! Dumpstar takes 18 damage.
Dumpstar attacks! Apache takes 15 damage.
Apache attacks! Dumpstar takes 15 damage.
Dumpstar attacks! Apache takes 19 damage.
Dumpstar wins!
HOBA attacks! Apache takes 15 damage.
Apache attacks! HOBA takes 15 damage.
HOBA attacks! Apache takes 16 damage.
Apache attacks! HOBA takes 17 damage.
HOBA attacks! Apache takes 18 damage.
Apache attacks! HOBA takes 17 damage.
HOBA attacks! Apache takes 20 damage.
Apache attacks! HOBA takes 20 damage.
HOBA attacks! Apache takes 16 damage.
Apache attacks! HOBA takes 15 damage.
HOBA attacks! Apache takes 17 damage.
HOBA wins!
Apache attacks! HOBA takes 17 damage.
Snoo attacks! Apache takes 10 damage.
Apache attacks! Snoo takes 19 damage.
Snoo attacks! Apache takes 10 damage.
Apache attacks! Snoo takes 15 damage.
Snoo attacks! Apache takes 10 damage.
Apache attacks! Snoo takes 20 damage.
Snoo uses Sproto Juice! Recovers 25 HP.
Apache attacks! Snoo takes 15 damage.
Snoo attacks! Apache takes 8 damage.
Apache attacks! Snoo takes 18 damage.
Snoo casts Potter Bolt! Apache takes 33 damage.
Apache attacks! Snoo takes 20 damage.
Snoo casts Potter Bolt! Apache takes 39 damage.
Snoo wins!
Critical hit! Snoo deals 22!
Critical hit! Snoo deals 22!
Snoo attacks! Apache takes 9 damage.
Snoo attacks! Apache takes 10 damage.
Critical hit! Snoo deals 25!
Critical hit! Snoo deals 25!
Snoo wins!
Apache attacks! Snoo takes 9 damage.
Critical hit! Apache deals 22!
Snoo attacks! Apache takes 10 damage.
Obama attacks! Snoo takes 10 damage.
Obama attacks! Snoo takes 8 damage.
Obama attacks! Snoo takes 8 damage.
Obama uses Sproto Juice! Recovers 25 HP.
Obama casts Potter Bolt! Snoo takes 36 damage.
Obama casts Potter Bolt! Snoo takes 34 damage.
Obama attacks! Snoo takes 10 damage.
Obama wins!
Apache attacks! HOBA takes 10 damage.
Apache attacks! HOBA takes 8 damage.
Apache uses Sproto Juice! Recovers 25 HP.
Apache casts Potter Bolt! HOBA takes 33 damage.
Apache casts Potter Bolt! HOBA takes 39 damage.
Apache attacks! HOBA takes 9 damage.
Apache attacks! HOBA takes 10 damage.
Apache wins!
Critical hit! OG OBAMA deals 25!
OG OBAMA attacks! Oggo takes 10 damage.
OG OBAMA attacks! Oggo takes 9 damage.
OG OBAMA attacks! Oggo takes 10 damage.
OG OBAMA attacks! Oggo takes 8 damage.
OG OBAMA attacks! Oggo takes 9 damage.
OG OBAMA attacks! Oggo takes 8 damage.
OG OBAMA attacks! Oggo takes 8 damage.
OG OBAMA casts Potter Bolt! Oggo takes 39 damage.
OG OBAMA wins!
Apache casts Potter Bolt! Snoo takes 36 damage.
Apache attacks! Snoo takes 9 damage.
Apache attacks! Snoo takes 10 damage.
Apache attacks! Snoo takes 10 damage.
Apache attacks! Snoo takes 8 damage.
Apache attacks! Snoo takes 10 damage.
Critical hit! Apache deals 22!
Apache wins!
Apache casts Potter Bolt! Snoo takes 36 damage.
Apache attacks! Snoo takes 10 damage.
Apache casts Potter Bolt! Snoo takes 37 damage.
Critical hit! Apache deals 20!
Apache wins!
Apache attacks! Snoo takes 10 damage.
Critical hit! Apache deals 25!
BigSwole attacks! Snoo takes 10 damage.
BigSwole attacks! Snoo takes 9 damage.
BigSwole attacks! Snoo takes 9 damage.
BigSwole attacks! Snoo takes 10 damage.
BigSwole uses Sproto Juice! Recovers 25 HP.
BigSwole casts Potter Bolt! Snoo takes 35 damage.
BigSwole casts Potter Bolt! Snoo takes 34 damage.
BigSwole wins!
BigSwole attacks! Snoo takes 8 damage.
BigSwole attacks! Snoo takes 9 damage.
BigSwole attacks! Snoo takes 10 damage.
BigSwole attacks! Snoo takes 9 damage.
BigSwole attacks! Snoo takes 10 damage.
BigSwole attacks! Snoo takes 9 damage.
BigSwole attacks! Snoo takes 9 damage.
BigSwole attacks! Snoo takes 8 damage.
BigSwole attacks! Snoo takes 8 damage.
BigSwole attacks! Snoo takes 8 damage.
BigSwole attacks! Snoo takes 8 damage.
Critical hit! BigSwole deals 25!
BigSwole wins!
HOBA dodged the attack!
HOBA attacks! Dumpstar takes 10 damage.
Dumpstar attacks! HOBA takes 8 damage.
HOBA attacks! Dumpstar takes 8 damage.
HOBA dodged the attack!
HOBA attacks! Dumpstar takes 10 damage.
Dumpstar attacks! HOBA takes 8 damage.
HOBA missed!
Critical hit! Dumpstar deals 25!
HOBA attacks! Dumpstar takes 9 damage.
Dumpstar attacks! HOBA takes 8 damage.
HOBA attacks! Dumpstar takes 9 damage.
Dumpstar attacks! HOBA takes 8 damage.
Critical hit! HOBA deals 25!
Dumpstar attacks! HOBA takes 8 damage.
HOBA attacks! Dumpstar takes 10 damage.
Dumpstar missed!
HOBA attacks! Dumpstar takes 10 damage.
HOBA dodged the attack!
HOBA attacks! Dumpstar takes 8 damage.
Dumpstar attacks! HOBA takes 9 damage.
HOBA attacks! Dumpstar takes 8 damage.
HOBA wins!
Dumpstar missed!
HOBA attacks! Dumpstar takes 8 damage.
Dumpstar attacks! HOBA takes 9 damage.
Dumpstar dodged the attack!
Critical hit! Dumpstar deals 25!
HOBA attacks! Dumpstar takes 8 damage.
Dumpstar attacks! HOBA takes 8 damage.
HOBA attacks! Dumpstar takes 9 damage.
Dumpstar attacks! HOBA takes 8 damage.
HOBA uses Sproto Juice! Recovers 25 HP.
Critical hit! Dumpstar deals 20!
HOBA fled the battle.
Apache attacks! Dumpstar takes 8 damage.
Critical hit! Dumpstar deals 20!
Apache uses Sproto Juice! Recovers 25 HP.
Apache dodged the attack!
Apache attacks! Dumpstar takes 9 damage.
Dumpstar attacks! Apache takes 8 damage.
Apache attacks! Dumpstar takes 8 damage.
Dumpstar attacks! Apache takes 9 damage.
Apache attacks! Dumpstar takes 8 damage.
Critical hit! Dumpstar deals 25!
Apache attacks! Dumpstar takes 10 damage.
Dumpstar attacks! Apache takes 9 damage.
Dumpstar dodged the attack!
Critical hit! Dumpstar deals 22!
Apache casts Potter Bolt! Dumpstar takes 39 damage.
Dumpstar attacks! Apache takes 8 damage.
Apache casts Potter Bolt! Dumpstar takes 36 damage.
Apache wins!
Dumpstar dodged the attack!
Dumpstar missed!
Critical hit! Apache deals 25!
Dumpstar attacks! Apache takes 8 damage.
Apache attacks! Dumpstar takes 10 damage.
Critical hit! Dumpstar deals 20!
Apache attacks! Dumpstar takes 8 damage.
Dumpstar attacks! Apache takes 9 damage.
Apache attacks! Dumpstar takes 9 damage.
Dumpstar missed!
Apache attacks! Dumpstar takes 10 damage.
Apache dodged the attack!
Apache attacks! Dumpstar takes 10 damage.
Dumpstar missed!
Apache attacks! Dumpstar takes 10 damage.
Critical hit! Dumpstar deals 25!
Apache uses Sproto Juice! Recovers 25 HP.
Dumpstar attacks! Apache takes 9 damage.
Critical hit! Apache deals 20!
Apache wins!
Critical hit! BigSwole deals 20!
Snoo missed!
BigSwole attacks! Snoo takes 9 damage.
Critical hit! Dumpstar deals 22!
Apache casts Potter Bolt! Dumpstar takes 37 damage.
Dumpstar uses Sproto Juice! Recovers 25 HP.
Apache casts Potter Bolt! Dumpstar takes 39 damage.
Dumpstar attacks! Apache takes 9 damage.
Apache attacks! Dumpstar takes 9 damage.
Dumpstar attacks! Apache takes 9 damage.
Apache attacks! Dumpstar takes 10 damage.
Dumpstar casts Potter Bolt! Apache takes 33 damage.
Apache uses Sproto Juice! Recovers 25 HP.
Dumpstar casts Potter Bolt! Apache takes 35 damage.
Apache attacks! Dumpstar takes 10 damage.
Critical hit! Dumpstar deals 20!
Dumpstar wins!
Dumpstar attacks! Apache takes 10 damage.
Apache casts Potter Bolt! Dumpstar takes 35 damage.
Dumpstar attacks! Apache takes 10 damage.
Apache casts Potter Bolt! Dumpstar takes 35 damage.
Dumpstar uses Sproto Juice! Recovers 25 HP.
Apache attacks! Dumpstar takes 9 damage.
Dumpstar attacks! Apache takes 10 damage.
Dumpstar dodged the attack!
Dumpstar missed!
Dumpstar dodged the attack!
Critical hit! Dumpstar deals 22!
Dumpstar dodged the attack!
Dumpstar casts Potter Bolt! Apache takes 39 damage.
Apache attacks! Dumpstar takes 9 damage.
Dumpstar attacks! Apache takes 10 damage.
Dumpstar wins!
HOBA casts Potter Bolt! Dumpstar takes 38 damage.
Dumpstar attacks! HOBA takes 10 damage.
HOBA casts Potter Bolt! Dumpstar takes 35 damage.
Dumpstar uses Sproto Juice! Recovers 25 HP.
Dumpstar dodged the attack!
Dumpstar attacks! HOBA takes 9 damage.
HOBA attacks! Dumpstar takes 10 damage.
Dumpstar casts Potter Bolt! HOBA takes 38 damage.
HOBA uses Sproto Juice! Recovers 25 HP.
Dumpstar casts Potter Bolt! HOBA takes 35 damage.
HOBA attacks! Dumpstar takes 9 damage.
Dumpstar attacks! HOBA takes 8 damage.
HOBA attacks! Dumpstar takes 9 damage.
Dumpstar attacks! HOBA takes 8 damage.
HOBA missed!
Dumpstar attacks! HOBA takes 10 damage.
Dumpstar dodged the attack!
Dumpstar attacks! HOBA takes 10 damage.
Dumpstar wins!
Dumpstar attacks! Apache takes 10 damage.
Apache casts Potter Bolt! Dumpstar takes 36 damage.
Critical hit! Dumpstar deals 20!
Apache casts Potter Bolt! Dumpstar takes 35 damage.
Dumpstar uses Sproto Juice! Recovers 25 HP.
Apache attacks! Dumpstar takes 10 damage.
Dumpstar casts Potter Bolt! Apache takes 37 damage.
Apache uses Sproto Juice! Recovers 25 HP.
Dumpstar casts Potter Bolt! Apache takes 35 damage.
Apache attacks! Dumpstar takes 8 damage.
Critical hit! Dumpstar deals 25!
Dumpstar wins!
BigSwole casts Potter Bolt! BPS takes 36 damage.
BPS casts Potter Bolt! BigSwole takes 39 damage.
BigSwole casts Potter Bolt! BPS takes 37 damage.
BPS attacks! BigSwole takes 10 damage.
BigSwole attacks! BPS takes 9 damage.
OG OBAMA casts Potter Bolt! GPM takes 36 damage.
GPM casts Potter Bolt! OG OBAMA takes 35 damage.
OG OBAMA casts Potter Bolt! GPM takes 35 damage.
GPM uses Sproto Juice! Recovers 25 HP.
OG OBAMA attacks! GPM takes 10 damage.
GPM casts Potter Bolt! OG OBAMA takes 35 damage.
OG OBAMA attacks! GPM takes 8 damage.
GPM attacks! OG OBAMA takes 9 damage.
OG OBAMA uses Sproto Juice! Recovers 25 HP.
OG OBAMA dodged the attack!
OG OBAMA missed!
GPM attacks! OG OBAMA takes 8 damage.
Critical hit! OG OBAMA deals 25!
Critical hit! GPM deals 25!
Critical hit! OG OBAMA deals 20!
OG OBAMA wins!
BigSwole casts Potter Bolt! Apache takes 34 damage.
Apache used Sonic Dash! BigSwole is stunned and takes 10 damage.
Apache used Sonic Dash! BigSwole is stunned and takes 6 damage.
Critical hit! Apache deals 25!
BigSwole casts Potter Bolt! Apache takes 36 damage.
BigSwole dodged the attack!
BigSwole attacks! Apache takes 10 damage.
Critical hit! Apache deals 22!
BigSwole uses Sproto Juice! Recovers 25 HP.
Apache attacks! BigSwole takes 8 damage.
BigSwole attacks! Apache takes 8 damage.
Apache attacks! BigSwole takes 9 damage.
BigSwole used Sonic Dash! Apache is stunned and takes 10 damage.
BigSwole attacks! Apache takes 9 damage.
BigSwole wins!
Apache casts Potter Bolt! Dumpstar takes 33 damage.
Dumpstar used Sonic Dash! Apache is stunned and takes 6 damage.
Dumpstar casts Potter Bolt! Apache takes 38 damage.
Apache casts Potter Bolt! Dumpstar takes 39 damage.
Dumpstar uses Sproto Juice! Recovers 25 HP.
Apache used Sonic Dash! Dumpstar is stunned and takes 10 damage.
Critical hit! Apache deals 25!
Dumpstar used Sonic Dash! Apache is stunned and takes 10 damage.
Dumpstar casts Potter Bolt! Apache takes 38 damage.
Critical hit! Apache deals 20!
Apache wins!
